<?xml version="1.0" encoding="UTF-8"?>
<!-- Generated by org.testng.reporters.JUnitReportReporter -->
<testsuite skipped="0" hostname="Lenovo-PC" name="crossBrowser.VerifyTitle" tests="2" failures="0" timestamp="15 Aug 2018 10:46:11 GMT" time="22.132" errors="0">
  <testcase name="verifyTitle" time="14.888" classname="crossBrowser.VerifyTitle"/>
  <testcase name="verifyTitle" time="7.244" classname="crossBrowser.VerifyTitle"/>
</testsuite> <!-- crossBrowser.VerifyTitle -->
